<?xml version="1.0" encoding="UTF-8" ?>
<testsuite tests="1" failures="0" name="edu.harvard.i2b2.MetaResourceDbTest" time="0.01" errors="1" skipped="0">
  <properties>
[...]
</properties>
  <testcase classname="edu.harvard.i2b2.MetaResourceDbTest" name="filterTest" time="0.01">
    <error message="org.hl7.fhir.Id cannot be cast to java.lang.String" type="java.lang.ClassCastException">java.lang.ClassCastException: org.hl7.fhir.Id cannot be cast to java.lang.String
	at edu.harvard.i2b2.fhir.MetaResourceDb.filterResources(MetaResourceDb.java:332)
	at edu.harvard.i2b2.MetaResourceDbTest.filterTest(MetaResourceDbTest.java:83)
	at sun.reflect.NativeMethodAccessorImpl.invoke0(Native Method)
	at sun.reflect.NativeMethodAccessorImpl.invoke(NativeMethodAccessorImpl.java:62)
	at sun.reflect.DelegatingMethodAccessorImpl.invoke(DelegatingMethodAccessorImpl.java:43)
	at java.lang.reflect.Method.invoke(Method.java:483)
	at org.junit.runners.model.FrameworkMethod$1.runReflectiveCall(FrameworkMethod.java:50)
	at org.junit.internal.runners.model.ReflectiveCallable.run(ReflectiveCallable.java:12)
	at org.junit.runners.model.FrameworkMethod.invokeExplosively(FrameworkMethod.java:47)
	at org.junit.internal.runners.statements.InvokeMethod.evaluate(InvokeMethod.java:17)
	at org.junit.runners.ParentRunner.runLeaf(ParentRunner.java:325)
	at org.junit.runners.BlockJUnit4ClassRunner.runChild(BlockJUnit4ClassRunner.java:78)
	at org.junit.runners.BlockJUnit4ClassRunner.runChild(BlockJUnit4ClassRunner.java:57)
	at org.junit.runners.ParentRunner$3.run(ParentRunner.java:290)
	at org.junit.runners.ParentRunner$1.schedule(ParentRunner.java:71)
	at org.junit.runners.ParentRunner.runChildren(ParentRunner.java:288)
	at org.junit.runners.ParentRunner.access$000(ParentRunner.java:58)
	at org.junit.runners.ParentRunner$2.evaluate(ParentRunner.java:268)
	at org.junit.runners.ParentRunner.run(ParentRunner.java:363)
	at org.apache.maven.surefire.junit4.JUnit4Provider.execute(JUnit4Provider.java:252)
	at org.apache.maven.surefire.junit4.JUnit4Provider.executeTestSet(JUnit4Provider.java:141)
	at org.apache.maven.surefire.junit4.JUnit4Provider.invoke(JUnit4Provider.java:112)
	at sun.reflect.NativeMethodAccessorImpl.invoke0(Native Method)
	at sun.reflect.NativeMethodAccessorImpl.invoke(NativeMethodAccessorImpl.java:62)
	at sun.reflect.DelegatingMethodAccessorImpl.invoke(DelegatingMethodAccessorImpl.java:43)
	at java.lang.reflect.Method.invoke(Method.java:483)
	at org.apache.maven.surefire.util.ReflectionUtils.invokeMethodWithArray(ReflectionUtils.java:189)
	at org.apache.maven.surefire.booter.ProviderFactory$ProviderProxy.invoke(ProviderFactory.java:165)
	at org.apache.maven.surefire.booter.ProviderFactory.invokeProvider(ProviderFactory.java:85)
	at org.apache.maven.surefire.booter.ForkedBooter.runSuitesInProcess(ForkedBooter.java:115)
	at org.apache.maven.surefire.booter.ForkedBooter.main(ForkedBooter.java:75)
</error>
    <system-out>2015-07-02 16:05:52,111 TRACE - Call for class:MedicationStatement
2015-07-02 16:05:52,111 INFO  - &lt;?xml version=&quot;1.0&quot; encoding=&quot;UTF-8&quot; standalone=&quot;yes&quot;?&gt;
&lt;MedicationStatement xmlns=&quot;http://hl7.org/fhir&quot; xmlns:ns2=&quot;http://www.w3.org/1999/xhtml&quot;&gt;
    &lt;id value=&quot;MedicationStatement/1000000005-1&quot;/&gt;
    &lt;patient&gt;
        &lt;reference value=&quot;Patient/1000000005&quot;/&gt;
    &lt;/patient&gt;
&lt;/MedicationStatement&gt;

2015-07-02 16:05:52,112 INFO  - 4
2015-07-02 16:05:52,112 INFO  - 0:org.hl7.fhir.Id@3bea7134
2015-07-02 16:05:52,112 INFO  - 1:org.hl7.fhir.Id@3653bb61
2015-07-02 16:05:52,112 INFO  - bundleorg.hl7.fhir.Bundle@10c95d9b
2015-07-02 16:05:52,113 TRACE - created resourcedb
2015-07-02 16:05:52,113 TRACE - resources size:0
2015-07-02 16:05:52,113 TRACE - EJB Putting resource:Patient
2015-07-02 16:05:52,113 TRACE - EJB Put Resource:Patient
2015-07-02 16:05:52,113 TRACE - EJB searching for resource with id:Patient/1000000005
2015-07-02 16:05:52,114 TRACE - mResources size:0
2015-07-02 16:05:52,114 TRACE - EJB resources (after adding) size:1
2015-07-02 16:05:52,114 TRACE - EJB Putting resource:MedicationStatement
2015-07-02 16:05:52,114 TRACE - EJB Put Resource:MedicationStatement
2015-07-02 16:05:52,114 TRACE - EJB searching for resource with id:MedicationStatement/1000000005-1
2015-07-02 16:05:52,114 TRACE - mResources size:1
2015-07-02 16:05:52,114 TRACE - EJB resources (after adding) size:2
2015-07-02 16:05:52,115 TRACE - EJB Putting resource:Patient
2015-07-02 16:05:52,115 TRACE - EJB Put Resource:Patient
2015-07-02 16:05:52,115 TRACE - EJB searching for resource with id:Patient/1000000001
2015-07-02 16:05:52,115 TRACE - mResources size:2
2015-07-02 16:05:52,115 TRACE - EJB resources (after adding) size:3
2015-07-02 16:05:52,115 TRACE - EJB Putting resource:MedicationStatement
2015-07-02 16:05:52,116 TRACE - EJB Put Resource:MedicationStatement
2015-07-02 16:05:52,116 TRACE - EJB searching for resource with id:MedicationStatement/1000000001-1
2015-07-02 16:05:52,116 TRACE - mResources size:3
2015-07-02 16:05:52,116 TRACE - EJB resources (after adding) size:4
2015-07-02 16:05:52,117 TRACE - EJB searching for resource type:Patient
2015-07-02 16:05:52,117 TRACE - resources size:4
2015-07-02 16:05:52,117 TRACE - filtering by:{id=MedicationStatement/1000000001-1}
2015-07-02 16:05:52,117 TRACE - size:4
2015-07-02 16:05:52,117 TRACE - filtering on:org.hl7.fhir.Id@3bea7134
2015-07-02 16:05:52,118 TRACE - filter:id=MedicationStatement/1000000001-1
2015-07-02 16:05:52,118 TRACE - pathStr:id	Resource:org.hl7.fhir.Id@3bea7134
2015-07-02 16:05:52,118 TRACE - returning NOT from reference
2015-07-02 16:05:52,119 TRACE - Not a Resource:&lt;org.hl7.fhir.Id@3bea7134&gt;. Its a org.hl7.fhir.Id cannot be cast to org.hl7.fhir.Resource
</system-out>
  </testcase>
</testsuite>