<?xml version="1.0" encoding="UTF-8" ?>
<testsuite tests="1" failures="0" name="edu.harvard.i2b2.TestDSTU2" time="0.008" errors="1" skipped="0">
  <properties>
[...]
</properties>
  <testcase classname="edu.harvard.i2b2.TestDSTU2" name="test" time="0.008">
    <error type="javax.xml.bind.MarshalException">javax.xml.bind.MarshalException
 - with linked exception:
[com.sun.istack.internal.SAXException2: unable to marshal type &quot;java.util.ArrayList&quot; as an element because it is missing an @XmlRootElement annotation]
	at com.sun.xml.internal.bind.v2.runtime.MarshallerImpl.write(MarshallerImpl.java:311)
	at com.sun.xml.internal.bind.v2.runtime.MarshallerImpl.marshal(MarshallerImpl.java:236)
	at javax.xml.bind.helpers.AbstractMarshallerImpl.marshal(AbstractMarshallerImpl.java:116)
	at edu.harvard.i2b2.fhir.JAXBUtil.toXml(JAXBUtil.java:71)
	at edu.harvard.i2b2.TestDSTU2.test(TestDSTU2.java:36)
	at sun.reflect.NativeMethodAccessorImpl.invoke0(Native Method)
	at sun.reflect.NativeMethodAccessorImpl.invoke(NativeMethodAccessorImpl.java:62)
	at sun.reflect.DelegatingMethodAccessorImpl.invoke(DelegatingMethodAccessorImpl.java:43)
	at java.lang.reflect.Method.invoke(Method.java:483)
	at org.junit.runners.model.FrameworkMethod$1.runReflectiveCall(FrameworkMethod.java:50)
	at org.junit.internal.runners.model.ReflectiveCallable.run(ReflectiveCallable.java:12)
	at org.junit.runners.model.FrameworkMethod.invokeExplosively(FrameworkMethod.java:47)
	at org.junit.internal.runners.statements.InvokeMethod.evaluate(InvokeMethod.java:17)
	at org.junit.runners.ParentRunner.runLeaf(ParentRunner.java:325)
	at org.junit.runners.BlockJUnit4ClassRunner.runChild(BlockJUnit4ClassRunner.java:78)
	at org.junit.runners.BlockJUnit4ClassRunner.runChild(BlockJUnit4ClassRunner.java:57)
	at org.junit.runners.ParentRunner$3.run(ParentRunner.java:290)
	at org.junit.runners.ParentRunner$1.schedule(ParentRunner.java:71)
	at org.junit.runners.ParentRunner.runChildren(ParentRunner.java:288)
	at org.junit.runners.ParentRunner.access$000(ParentRunner.java:58)
	at org.junit.runners.ParentRunner$2.evaluate(ParentRunner.java:268)
	at org.junit.runners.ParentRunner.run(ParentRunner.java:363)
	at org.apache.maven.surefire.junit4.JUnit4Provider.execute(JUnit4Provider.java:252)
	at org.apache.maven.surefire.junit4.JUnit4Provider.executeTestSet(JUnit4Provider.java:141)
	at org.apache.maven.surefire.junit4.JUnit4Provider.invoke(JUnit4Provider.java:112)
	at sun.reflect.NativeMethodAccessorImpl.invoke0(Native Method)
	at sun.reflect.NativeMethodAccessorImpl.invoke(NativeMethodAccessorImpl.java:62)
	at sun.reflect.DelegatingMethodAccessorImpl.invoke(DelegatingMethodAccessorImpl.java:43)
	at java.lang.reflect.Method.invoke(Method.java:483)
	at org.apache.maven.surefire.util.ReflectionUtils.invokeMethodWithArray(ReflectionUtils.java:189)
	at org.apache.maven.surefire.booter.ProviderFactory$ProviderProxy.invoke(ProviderFactory.java:165)
	at org.apache.maven.surefire.booter.ProviderFactory.invokeProvider(ProviderFactory.java:85)
	at org.apache.maven.surefire.booter.ForkedBooter.runSuitesInProcess(ForkedBooter.java:115)
	at org.apache.maven.surefire.booter.ForkedBooter.main(ForkedBooter.java:75)
Caused by: com.sun.istack.internal.SAXException2: unable to marshal type &quot;java.util.ArrayList&quot; as an element because it is missing an @XmlRootElement annotation
	at com.sun.xml.internal.bind.v2.runtime.XMLSerializer.reportError(XMLSerializer.java:234)
	at com.sun.xml.internal.bind.v2.runtime.ClassBeanInfoImpl.serializeRoot(ClassBeanInfoImpl.java:323)
	at com.sun.xml.internal.bind.v2.runtime.XMLSerializer.childAsRoot(XMLSerializer.java:479)
	at com.sun.xml.internal.bind.v2.runtime.MarshallerImpl.write(MarshallerImpl.java:308)
	... 33 more
</error>
    <system-out>2015-07-02 16:05:55,756 TRACE - Call for class:ArrayList
</system-out>
  </testcase>
</testsuite>