<?xml version="1.0" encoding="UTF-8" ?>
<testsuite tests="1" failures="0" name="edu.harvard.i2b2.map.MapSystemEngineTest" time="0.064" errors="1" skipped="0">
  <properties>
[...]
</properties>
  <testcase classname="edu.harvard.i2b2.map.MapSystemEngineTest" name="test1" time="0.064">
    <error message="org.basex.query.QueryException: Unknown function &apos;dp:overwrite-path&apos;." type="edu.harvard.i2b2.fhir.XQueryUtilException">edu.harvard.i2b2.fhir.XQueryUtilException: org.basex.query.QueryException: Unknown function &apos;dp:overwrite-path&apos;.
	at edu.harvard.i2b2.fhir.XQueryUtil.processXQuery(XQueryUtil.java:96)
	at edu.harvard.i2b2.fhir.map.MapSystemEngine.getNested(MapSystemEngine.java:86)
	at edu.harvard.i2b2.fhir.map.MapSystemEngine.appendPath(MapSystemEngine.java:77)
	at edu.harvard.i2b2.map.MapSystemEngineTest.test1(MapSystemEngineTest.java:56)
	at sun.reflect.NativeMethodAccessorImpl.invoke0(Native Method)
	at sun.reflect.NativeMethodAccessorImpl.invoke(NativeMethodAccessorImpl.java:62)
	at sun.reflect.DelegatingMethodAccessorImpl.invoke(DelegatingMethodAccessorImpl.java:43)
	at java.lang.reflect.Method.invoke(Method.java:483)
	at org.junit.runners.model.FrameworkMethod$1.runReflectiveCall(FrameworkMethod.java:50)
	at org.junit.internal.runners.model.ReflectiveCallable.run(ReflectiveCallable.java:12)
	at org.junit.runners.model.FrameworkMethod.invokeExplosively(FrameworkMethod.java:47)
	at org.junit.internal.runners.statements.InvokeMethod.evaluate(InvokeMethod.java:17)
	at org.junit.internal.runners.statements.RunBefores.evaluate(RunBefores.java:26)
	at org.junit.runners.ParentRunner.runLeaf(ParentRunner.java:325)
	at org.junit.runners.BlockJUnit4ClassRunner.runChild(BlockJUnit4ClassRunner.java:78)
	at org.junit.runners.BlockJUnit4ClassRunner.runChild(BlockJUnit4ClassRunner.java:57)
	at org.junit.runners.ParentRunner$3.run(ParentRunner.java:290)
	at org.junit.runners.ParentRunner$1.schedule(ParentRunner.java:71)
	at org.junit.runners.ParentRunner.runChildren(ParentRunner.java:288)
	at org.junit.runners.ParentRunner.access$000(ParentRunner.java:58)
	at org.junit.runners.ParentRunner$2.evaluate(ParentRunner.java:268)
	at org.junit.runners.ParentRunner.run(ParentRunner.java:363)
	at org.apache.maven.surefire.junit4.JUnit4Provider.execute(JUnit4Provider.java:252)
	at org.apache.maven.surefire.junit4.JUnit4Provider.executeTestSet(JUnit4Provider.java:141)
	at org.apache.maven.surefire.junit4.JUnit4Provider.invoke(JUnit4Provider.java:112)
	at sun.reflect.NativeMethodAccessorImpl.invoke0(Native Method)
	at sun.reflect.NativeMethodAccessorImpl.invoke(NativeMethodAccessorImpl.java:62)
	at sun.reflect.DelegatingMethodAccessorImpl.invoke(DelegatingMethodAccessorImpl.java:43)
	at java.lang.reflect.Method.invoke(Method.java:483)
	at org.apache.maven.surefire.util.ReflectionUtils.invokeMethodWithArray(ReflectionUtils.java:189)
	at org.apache.maven.surefire.booter.ProviderFactory$ProviderProxy.invoke(ProviderFactory.java:165)
	at org.apache.maven.surefire.booter.ProviderFactory.invokeProvider(ProviderFactory.java:85)
	at org.apache.maven.surefire.booter.ForkedBooter.runSuitesInProcess(ForkedBooter.java:115)
	at org.apache.maven.surefire.booter.ForkedBooter.main(ForkedBooter.java:75)
Caused by: org.basex.query.QueryException: Unknown function &apos;dp:overwrite-path&apos;.
	at org.basex.query.QueryError.get(QueryError.java:1296)
	at org.basex.query.func.StaticFuncs.check(StaticFuncs.java:164)
	at org.basex.query.QueryContext.check(QueryContext.java:253)
	at org.basex.query.QueryParser.finish(QueryParser.java:280)
	at org.basex.query.QueryParser.parseMain(QueryParser.java:177)
	at org.basex.query.QueryContext.parseMain(QueryContext.java:216)
	at org.basex.query.QueryProcessor.parse(QueryProcessor.java:58)
	at org.basex.query.QueryProcessor.execute(QueryProcessor.java:97)
	at edu.harvard.i2b2.fhir.XQueryUtil.processXQuery(XQueryUtil.java:93)
	... 33 more
</error>
    <system-out>2015-07-02 16:05:52,044 TRACE - Call for class:MapSystemSet
2015-07-02 16:05:52,062 TRACE - Call for class:MapSystemSet
2015-07-02 16:05:52,064 INFO  - &lt;?xml version=&quot;1.0&quot; encoding=&quot;UTF-8&quot; standalone=&quot;yes&quot;?&gt;
&lt;MapSystemSet xmlns=&quot;http://i2b2.harvard.edu/map&quot;&gt;
    &lt;MapSystem&gt;
        &lt;NameSpaceDeclaration name=&quot;ns2&quot; uri=&quot;http://www.i2b2.org/xsd/hive/pdo/1.1/&quot;/&gt;
        &lt;NameSpaceDeclaration name=&quot;f&quot; uri=&quot;http://hl7.org/fhir&quot;/&gt;
        &lt;ToPath&gt;
            &lt;Name&gt;maritalStatusCode&lt;/Name&gt;
            &lt;NameSystem&gt;fhir&lt;/NameSystem&gt;
            &lt;Path&gt;f:Patient/maritalStatus/Coding/Code&lt;/Path&gt;
        &lt;/ToPath&gt;
        &lt;FromPath&gt;
            &lt;Name&gt;gender&lt;/Name&gt;
            &lt;NameSystem&gt;i2b2&lt;/NameSystem&gt;
            &lt;Path&gt;/ns2:patient_set/patient/param[(@column=&apos;marital_status_cd&apos;)]/text()&lt;/Path&gt;
        &lt;/FromPath&gt;
        &lt;Map defaultToValue=&quot;UNK&quot;&gt;
            &lt;ValueMap to=&quot;S&quot; from=&quot;single&quot;/&gt;
            &lt;ValueMap to=&quot;D&quot; from=&quot;divorced&quot;/&gt;
            &lt;ValueMap to=&quot;M&quot; from=&quot;married&quot;/&gt;
            &lt;ValueMap to=&quot;UNK&quot; from=&quot;other&quot;/&gt;
            &lt;ValueMap to=&quot;T&quot; from=&quot;partner&quot;/&gt;
            &lt;ValueMap to=&quot;L&quot; from=&quot;seperated&quot;/&gt;
            &lt;ValueMap to=&quot;UNK&quot; from=&quot;unknown&quot;/&gt;
            &lt;ValueMap to=&quot;UNK&quot; from=&quot;widowed&quot;/&gt;
        &lt;/Map&gt;
    &lt;/MapSystem&gt;
&lt;/MapSystemSet&gt;

2015-07-02 16:05:52,064 TRACE - [Patient, maritalStatus, Coding, Code, @value]
2015-07-02 16:05:52,067 TRACE - query:declare namespace dp = &quot;http://edu.harvard.i2b2/dynamicPath&quot;;

declare function dp:make-nested-elements(
  $element-names as xs:string*
) as element()*
{
  if (empty($element-names)) then ()
  else element { $element-names[1] } {
    dp:make-nested-elements(subsequence($element-names, 2))
  }
};

declare function dp:add-path(
  $xml as node()?,
  $paths as xs:string*
) as node()
{
  let $first := $paths[1]
  let $rest := subsequence($paths, 2)
  return
    if (empty($first)) then $xml
    else if ($xml instance of text()) then $xml
    else if (node-name($xml) = xs:QName($first))
    then element { $first } {
        $xml/@*,
        for $n in $xml/node()
        return dp:add-path($n, $rest)
      }
    else element { node-name($xml) } {
        $xml/@*, $xml/node(),
        dp:make-nested-elements($paths)
      }
};

declare function dp:dynamic($path as xs:string,$I as node()*) as item()*{
    let $xq:=concat(&apos;declare namespace ns2=&quot;http://www.i2b2.org/xsd/hive/pdo/1.1/&quot;;declare namespace m=&quot;http://i2b2.harvard.edu/map&quot; ;declare variable $xml external;&apos;,
    &apos; $xml/&apos;,$path,&apos;&apos;)
    return xquery:eval(
  $xq,
  map { &apos;xml&apos;: $I })

};

declare function dp:update-attributes
  ( $elements as element()* ,
    $attrNames as xs:QName* ,
    $attrValues as xs:anyAtomicType* )  as element()? {

   for $element in $elements
   return element { node-name($element)}
                  { for $attrName at $seq in $attrNames
                    return if ($element/@*[node-name(.) = $attrName])
                           then attribute {$attrName}
                                     {$attrValues[$seq]}
                           else (),
                    $element/@*[not(node-name(.) = $attrNames)],
                    $element/node() }
 } ;
 
 declare function dp:add-attributes
  ( $elements as element()* ,
    $attrNames as xs:QName* ,
    $attrValues as xs:anyAtomicType* )  as element()? {

   for $element in $elements
   return element { node-name($element)}
                  { for $attrName at $seq in $attrNames
                    return if ($element/@*[node-name(.) = $attrName])
                           then ()
                           else attribute {$attrName}
                                          {$attrValues[$seq]},
                    $element/@*,
                    $element/node() }
 } ;
 


let $P:=&lt;a&gt;&lt;/a&gt;
let $path:=&quot;Patient/maritalStatus/Coding/Code&quot;
return dp:overwrite-path(&lt;a&gt;&lt;/a&gt;, tokenize(&quot;Patient/maritalStatus/Coding/Code&quot;,&quot;/&quot;))
</system-out>
    <system-err>org.basex.query.QueryException: Unknown function &apos;dp:overwrite-path&apos;.
	at org.basex.query.QueryError.get(QueryError.java:1296)
	at org.basex.query.func.StaticFuncs.check(StaticFuncs.java:164)
	at org.basex.query.QueryContext.check(QueryContext.java:253)
	at org.basex.query.QueryParser.finish(QueryParser.java:280)
	at org.basex.query.QueryParser.parseMain(QueryParser.java:177)
	at org.basex.query.QueryContext.parseMain(QueryContext.java:216)
	at org.basex.query.QueryProcessor.parse(QueryProcessor.java:58)
	at org.basex.query.QueryProcessor.execute(QueryProcessor.java:97)
	at edu.harvard.i2b2.fhir.XQueryUtil.processXQuery(XQueryUtil.java:93)
	at edu.harvard.i2b2.fhir.map.MapSystemEngine.getNested(MapSystemEngine.java:86)
	at edu.harvard.i2b2.fhir.map.MapSystemEngine.appendPath(MapSystemEngine.java:77)
	at edu.harvard.i2b2.map.MapSystemEngineTest.test1(MapSystemEngineTest.java:56)
	at sun.reflect.NativeMethodAccessorImpl.invoke0(Native Method)
	at sun.reflect.NativeMethodAccessorImpl.invoke(NativeMethodAccessorImpl.java:62)
	at sun.reflect.DelegatingMethodAccessorImpl.invoke(DelegatingMethodAccessorImpl.java:43)
	at java.lang.reflect.Method.invoke(Method.java:483)
	at org.junit.runners.model.FrameworkMethod$1.runReflectiveCall(FrameworkMethod.java:50)
	at org.junit.internal.runners.model.ReflectiveCallable.run(ReflectiveCallable.java:12)
	at org.junit.runners.model.FrameworkMethod.invokeExplosively(FrameworkMethod.java:47)
	at org.junit.internal.runners.statements.InvokeMethod.evaluate(InvokeMethod.java:17)
	at org.junit.internal.runners.statements.RunBefores.evaluate(RunBefores.java:26)
	at org.junit.runners.ParentRunner.runLeaf(ParentRunner.java:325)
	at org.junit.runners.BlockJUnit4ClassRunner.runChild(BlockJUnit4ClassRunner.java:78)
	at org.junit.runners.BlockJUnit4ClassRunner.runChild(BlockJUnit4ClassRunner.java:57)
	at org.junit.runners.ParentRunner$3.run(ParentRunner.java:290)
	at org.junit.runners.ParentRunner$1.schedule(ParentRunner.java:71)
	at org.junit.runners.ParentRunner.runChildren(ParentRunner.java:288)
	at org.junit.runners.ParentRunner.access$000(ParentRunner.java:58)
	at org.junit.runners.ParentRunner$2.evaluate(ParentRunner.java:268)
	at org.junit.runners.ParentRunner.run(ParentRunner.java:363)
	at org.apache.maven.surefire.junit4.JUnit4Provider.execute(JUnit4Provider.java:252)
	at org.apache.maven.surefire.junit4.JUnit4Provider.executeTestSet(JUnit4Provider.java:141)
	at org.apache.maven.surefire.junit4.JUnit4Provider.invoke(JUnit4Provider.java:112)
	at sun.reflect.NativeMethodAccessorImpl.invoke0(Native Method)
	at sun.reflect.NativeMethodAccessorImpl.invoke(NativeMethodAccessorImpl.java:62)
	at sun.reflect.DelegatingMethodAccessorImpl.invoke(DelegatingMethodAccessorImpl.java:43)
	at java.lang.reflect.Method.invoke(Method.java:483)
	at org.apache.maven.surefire.util.ReflectionUtils.invokeMethodWithArray(ReflectionUtils.java:189)
	at org.apache.maven.surefire.booter.ProviderFactory$ProviderProxy.invoke(ProviderFactory.java:165)
	at org.apache.maven.surefire.booter.ProviderFactory.invokeProvider(ProviderFactory.java:85)
	at org.apache.maven.surefire.booter.ForkedBooter.runSuitesInProcess(ForkedBooter.java:115)
	at org.apache.maven.surefire.booter.ForkedBooter.main(ForkedBooter.java:75)
</system-err>
  </testcase>
</testsuite>